-------------------------------------------------------------------------------
Test set: com.sqs.project.nachrichtenapp.NewsApiServiceTests
-------------------------------------------------------------------------------
Tests run: 5, Failures: 1, Errors: 2, Skipped: 0, Time elapsed: 1.469 s <<< FAILURE! -- in com.sqs.project.nachrichtenapp.NewsApiServiceTests
com.sqs.project.nachrichtenapp.NewsApiServiceTests.testFetchNewsFromRedis -- Time elapsed: 0.448 s <<< FAILURE!
org.opentest4j.AssertionFailedError: expected: <ok> but was: <null>
	at org.junit.jupiter.api.AssertionFailureBuilder.build(AssertionFailureBuilder.java:151)
	at org.junit.jupiter.api.AssertionFailureBuilder.buildAndThrow(AssertionFailureBuilder.java:132)
	at org.junit.jupiter.api.AssertEquals.failNotEqual(AssertEquals.java:197)
	at org.junit.jupiter.api.AssertEquals.assertEquals(AssertEquals.java:182)
	at org.junit.jupiter.api.AssertEquals.assertEquals(AssertEquals.java:177)
	at org.junit.jupiter.api.Assertions.assertEquals(Assertions.java:1145)
	at com.sqs.project.nachrichtenapp.NewsApiServiceTests.testFetchNewsFromRedis(NewsApiServiceTests.java:98)
	at java.base/java.lang.reflect.Method.invoke(Method.java:580)
	at java.base/java.util.ArrayList.forEach(ArrayList.java:1596)
	at java.base/java.util.ArrayList.forEach(ArrayList.java:1596)

com.sqs.project.nachrichtenapp.NewsApiServiceTests.testFetchTrendNewsFromAPI -- Time elapsed: 0.741 s <<< ERROR!
org.springframework.web.client.HttpClientErrorException$Unauthorized: 401 Unauthorized: "{"status":"error","code":"apiKeyInvalid","message":"Your API key is invalid or incorrect. Check your key, or go to https://newsapi.org to create a free API key."}"
	at org.springframework.web.client.HttpClientErrorException.create(HttpClientErrorException.java:106)
	at org.springframework.web.client.DefaultResponseErrorHandler.handleError(DefaultResponseErrorHandler.java:183)
	at org.springframework.web.client.DefaultResponseErrorHandler.handleError(DefaultResponseErrorHandler.java:137)
	at org.springframework.web.client.ResponseErrorHandler.handleError(ResponseErrorHandler.java:63)
	at org.springframework.web.client.RestTemplate.handleResponse(RestTemplate.java:942)
	at org.springframework.web.client.RestTemplate.doExecute(RestTemplate.java:891)
	at org.springframework.web.client.RestTemplate.execute(RestTemplate.java:790)
	at org.springframework.web.client.RestTemplate.getForObject(RestTemplate.java:404)
	at com.sqs.project.nachrichtenapp.NewsApiService.fetchTrendNews(NewsApiService.java:44)
	at com.sqs.project.nachrichtenapp.NewsApiServiceTests.testFetchTrendNewsFromAPI(NewsApiServiceTests.java:62)
	at java.base/java.lang.reflect.Method.invoke(Method.java:580)
	at java.base/java.util.ArrayList.forEach(ArrayList.java:1596)
	at java.base/java.util.ArrayList.forEach(ArrayList.java:1596)

com.sqs.project.nachrichtenapp.NewsApiServiceTests.testFetchSpecificNews -- Time elapsed: 0.130 s <<< ERROR!
org.springframework.web.client.HttpClientErrorException$Unauthorized: 401 Unauthorized: "{"status":"error","code":"apiKeyInvalid","message":"Your API key is invalid or incorrect. Check your key, or go to https://newsapi.org to create a free API key."}"
	at org.springframework.web.client.HttpClientErrorException.create(HttpClientErrorException.java:106)
	at org.springframework.web.client.DefaultResponseErrorHandler.handleError(DefaultResponseErrorHandler.java:183)
	at org.springframework.web.client.DefaultResponseErrorHandler.handleError(DefaultResponseErrorHandler.java:137)
	at org.springframework.web.client.ResponseErrorHandler.handleError(ResponseErrorHandler.java:63)
	at org.springframework.web.client.RestTemplate.handleResponse(RestTemplate.java:942)
	at org.springframework.web.client.RestTemplate.doExecute(RestTemplate.java:891)
	at org.springframework.web.client.RestTemplate.execute(RestTemplate.java:790)
	at org.springframework.web.client.RestTemplate.getForObject(RestTemplate.java:404)
	at com.sqs.project.nachrichtenapp.NewsApiService.fetchSpecificNews(NewsApiService.java:53)
	at com.sqs.project.nachrichtenapp.NewsApiServiceTests.testFetchSpecificNews(NewsApiServiceTests.java:108)
	at java.base/java.lang.reflect.Method.invoke(Method.java:580)
	at java.base/java.util.ArrayList.forEach(ArrayList.java:1596)
	at java.base/java.util.ArrayList.forEach(ArrayList.java:1596)

